Terminaux inutilisés dans la grammaire

    NOT


Grammaire

    0 $accept: programme $end

    1 $@1: %empty

    2 list: expression $@1 listBis

    3 listBis: %empty
    4        | SEPAR list

    5 listp: %empty
    6      | list

    7 listArgs: VOID
    8         | listTmp

    9 listTmp: TYPE ID listTmpBis

   10 listTmpBis: %empty
   11           | SEPAR listTmp

   12 listArgsDef: VOID

   13 $@2: %empty

   14 listArgsDef: $@2 listTmpDef

   15 listTmpDef: TYPE ID

   16 $@3: %empty

   17 listTmpDef: TYPE ID $@3 SEPAR listTmpDef

   18 listVars: ID

   19 $@4: %empty

   20 listVars: ID $@4 SEPAR listVars

   21 listDeclarationVar: listDecFunct
   22                   | TYPE listVars PV listDeclarationVar

   23 listDecFunct: main
   24             | listDeclarationFunct listDecFunct

   25 listDeclarationFunct: TYPE ID LPAR listArgs RPAR PV

   26 instructions: %empty
   27             | TYPE listVars PV instructions

   28 $@5: %empty

   29 instructions: ID LPAR listp RPAR PV $@5 instructions

   30 $@6: %empty

   31 instructions: ID AFF expression PV $@6 instructions
   32             | condition
   33             | while
   34             | retour

   35 while: WHILE LPAR expression RPAR bloc instructions

   36 $@7: %empty

   37 condition: IF LPAR expression RPAR bloc $@7 instructions

   38 $@8: %empty

   39 $@9: %empty

   40 condition: IF LPAR expression RPAR bloc $@8 ELSE bloc $@9 instructions

   41 $@10: %empty

   42 bloc: ACO $@10 instructions ACF

   43 $@11: %empty

   44 blocFunct: ACO $@11 instructions ACF

   45 retour: RETURN expression PV instructions

   46 programme: listDeclarationVar

   47 $@12: %empty

   48 $@13: %empty

   49 main: TYPE MAIN LPAR RPAR $@12 bloc $@13 fonctions

   50 fonctions: %empty

   51 $@14: %empty

   52 $@15: %empty

   53 fonctions: TYPE ID LPAR $@14 listArgsDef RPAR $@15 blocFunct fonctions

   54 expression: expression expressionBis
   55           | ENT
   56           | ID
   57           | ID LPAR listp RPAR
   58           | LPAR expression RPAR
   59           | '!' expression

   60 expressionBis: ADD expression
   61              | MOINS expression
   62              | MULT expression
   63              | EQ expression
   64              | INFS expression
   65              | INFE expression
   66              | SUPE expression
   67              | SUPS expression
   68              | ET expression
   69              | OR expression


Terminaux, suivis des règles où ils apparaissent

    $end (0) 0
    '!' (33) 59
    error (256)
    ENT <intVal> (258) 55
    ID <stringVal> (259) 9 15 17 18 20 25 29 31 53 56 57
    EQ <stringVal> (260) 63
    INFS <stringVal> (261) 64
    INFE <stringVal> (262) 65
    ET <stringVal> (263) 68
    OR <stringVal> (264) 69
    TYPE <stringVal> (265) 9 15 17 22 25 27 49 53
    IF <stringVal> (266) 37 40
    ELSE <stringVal> (267) 40
    WHILE <stringVal> (268) 35
    SEPAR <stringVal> (269) 4 11 17 20
    PV <stringVal> (270) 22 25 27 29 31 45
    ACF <stringVal> (271) 42 44
    ACO <stringVal> (272) 42 44
    ADD <stringVal> (273) 60
    MOINS <stringVal> (274) 61
    MULT <stringVal> (275) 62
    AFF <stringVal> (276) 31
    NOT <stringVal> (277)
    RETURN <stringVal> (278) 45
    MAIN <stringVal> (279) 49
    RPAR <stringVal> (280) 25 29 35 37 40 49 53 57 58
    LPAR <stringVal> (281) 25 29 35 37 40 49 53 57 58
    SUPS <stringVal> (282) 67
    SUPE <stringVal> (283) 66
    VOID <stringVal> (284) 7 12


Non-terminaux, suivis des règles où ils apparaissent

    $accept (31)
        à gauche: 0
    list (32)
        à gauche: 2
        à droite: 4 6
    $@1 (33)
        à gauche: 1
        à droite: 2
    listBis (34)
        à gauche: 3 4
        à droite: 2
    listp (35)
        à gauche: 5 6
        à droite: 29 57
    listArgs (36)
        à gauche: 7 8
        à droite: 25
    listTmp (37)
        à gauche: 9
        à droite: 8 11
    listTmpBis (38)
        à gauche: 10 11
        à droite: 9
    listArgsDef (39)
        à gauche: 12 14
        à droite: 53
    $@2 (40)
        à gauche: 13
        à droite: 14
    listTmpDef (41)
        à gauche: 15 17
        à droite: 14 17
    $@3 (42)
        à gauche: 16
        à droite: 17
    listVars (43)
        à gauche: 18 20
        à droite: 20 22 27
    $@4 (44)
        à gauche: 19
        à droite: 20
    listDeclarationVar (45)
        à gauche: 21 22
        à droite: 22 46
    listDecFunct (46)
        à gauche: 23 24
        à droite: 21 24
    listDeclarationFunct (47)
        à gauche: 25
        à droite: 24
    instructions (48)
        à gauche: 26 27 29 31 32 33 34
        à droite: 27 29 31 35 37 40 42 44 45
    $@5 (49)
        à gauche: 28
        à droite: 29
    $@6 (50)
        à gauche: 30
        à droite: 31
    while (51)
        à gauche: 35
        à droite: 33
    condition (52)
        à gauche: 37 40
        à droite: 32
    $@7 (53)
        à gauche: 36
        à droite: 37
    $@8 (54)
        à gauche: 38
        à droite: 40
    $@9 (55)
        à gauche: 39
        à droite: 40
    bloc (56)
        à gauche: 42
        à droite: 35 37 40 49
    $@10 (57)
        à gauche: 41
        à droite: 42
    blocFunct (58)
        à gauche: 44
        à droite: 53
    $@11 (59)
        à gauche: 43
        à droite: 44
    retour (60)
        à gauche: 45
        à droite: 34
    programme (61)
        à gauche: 46
        à droite: 0
    main (62)
        à gauche: 49
        à droite: 23
    $@12 (63)
        à gauche: 47
        à droite: 49
    $@13 (64)
        à gauche: 48
        à droite: 49
    fonctions (65)
        à gauche: 50 53
        à droite: 49 53
    $@14 (66)
        à gauche: 51
        à droite: 53
    $@15 (67)
        à gauche: 52
        à droite: 53
    expression (68)
        à gauche: 54 55 56 57 58 59
        à droite: 2 31 35 37 40 45 54 58 59 60 61 62 63 64 65 66 67 68 69
    expressionBis (69)
        à gauche: 60 61 62 63 64 65 66 67 68 69
        à droite: 54


État 0

    0 $accept: . programme $end
   21 listDeclarationVar: . listDecFunct
   22                   | . TYPE listVars PV listDeclarationVar
   23 listDecFunct: . main
   24             | . listDeclarationFunct listDecFunct
   25 listDeclarationFunct: . TYPE ID LPAR listArgs RPAR PV
   46 programme: . listDeclarationVar
   49 main: . TYPE MAIN LPAR RPAR $@12 bloc $@13 fonctions

    TYPE  décalage et aller à l'état 1

    listDeclarationVar    aller à l'état 2
    listDecFunct          aller à l'état 3
    listDeclarationFunct  aller à l'état 4
    programme             aller à l'état 5
    main                  aller à l'état 6


État 1

   18 listVars: . ID
   20         | . ID $@4 SEPAR listVars
   22 listDeclarationVar: TYPE . listVars PV listDeclarationVar
   25 listDeclarationFunct: TYPE . ID LPAR listArgs RPAR PV
   49 main: TYPE . MAIN LPAR RPAR $@12 bloc $@13 fonctions

    ID    décalage et aller à l'état 7
    MAIN  décalage et aller à l'état 8

    listVars  aller à l'état 9


État 2

   46 programme: listDeclarationVar .

    $défaut  réduction par utilisation de la règle 46 (programme)


État 3

   21 listDeclarationVar: listDecFunct .

    $défaut  réduction par utilisation de la règle 21 (listDeclarationVar)


État 4

   23 listDecFunct: . main
   24             | . listDeclarationFunct listDecFunct
   24             | listDeclarationFunct . listDecFunct
   25 listDeclarationFunct: . TYPE ID LPAR listArgs RPAR PV
   49 main: . TYPE MAIN LPAR RPAR $@12 bloc $@13 fonctions

    TYPE  décalage et aller à l'état 10

    listDecFunct          aller à l'état 11
    listDeclarationFunct  aller à l'état 4
    main                  aller à l'état 6


État 5

    0 $accept: programme . $end

    $end  décalage et aller à l'état 12


État 6

   23 listDecFunct: main .

    $défaut  réduction par utilisation de la règle 23 (listDecFunct)


État 7

   18 listVars: ID .  [PV]
   19 $@4: . %empty  [SEPAR]
   20 listVars: ID . $@4 SEPAR listVars
   25 listDeclarationFunct: TYPE ID . LPAR listArgs RPAR PV

    LPAR  décalage et aller à l'état 13

    SEPAR     réduction par utilisation de la règle 19 ($@4)
    $défaut  réduction par utilisation de la règle 18 (listVars)

    $@4  aller à l'état 14


État 8

   49 main: TYPE MAIN . LPAR RPAR $@12 bloc $@13 fonctions

    LPAR  décalage et aller à l'état 15


État 9

   22 listDeclarationVar: TYPE listVars . PV listDeclarationVar

    PV  décalage et aller à l'état 16


État 10

   25 listDeclarationFunct: TYPE . ID LPAR listArgs RPAR PV
   49 main: TYPE . MAIN LPAR RPAR $@12 bloc $@13 fonctions

    ID    décalage et aller à l'état 17
    MAIN  décalage et aller à l'état 8


État 11

   24 listDecFunct: listDeclarationFunct listDecFunct .

    $défaut  réduction par utilisation de la règle 24 (listDecFunct)


État 12

    0 $accept: programme $end .

    $défaut  accepter


État 13

    7 listArgs: . VOID
    8         | . listTmp
    9 listTmp: . TYPE ID listTmpBis
   25 listDeclarationFunct: TYPE ID LPAR . listArgs RPAR PV

    TYPE  décalage et aller à l'état 18
    VOID  décalage et aller à l'état 19

    listArgs  aller à l'état 20
    listTmp   aller à l'état 21


État 14

   20 listVars: ID $@4 . SEPAR listVars

    SEPAR  décalage et aller à l'état 22


État 15

   49 main: TYPE MAIN LPAR . RPAR $@12 bloc $@13 fonctions

    RPAR  décalage et aller à l'état 23


État 16

   21 listDeclarationVar: . listDecFunct
   22                   | . TYPE listVars PV listDeclarationVar
   22                   | TYPE listVars PV . listDeclarationVar
   23 listDecFunct: . main
   24             | . listDeclarationFunct listDecFunct
   25 listDeclarationFunct: . TYPE ID LPAR listArgs RPAR PV
   49 main: . TYPE MAIN LPAR RPAR $@12 bloc $@13 fonctions

    TYPE  décalage et aller à l'état 1

    listDeclarationVar    aller à l'état 24
    listDecFunct          aller à l'état 3
    listDeclarationFunct  aller à l'état 4
    main                  aller à l'état 6


État 17

   25 listDeclarationFunct: TYPE ID . LPAR listArgs RPAR PV

    LPAR  décalage et aller à l'état 13


État 18

    9 listTmp: TYPE . ID listTmpBis

    ID  décalage et aller à l'état 25


État 19

    7 listArgs: VOID .

    $défaut  réduction par utilisation de la règle 7 (listArgs)


État 20

   25 listDeclarationFunct: TYPE ID LPAR listArgs . RPAR PV

    RPAR  décalage et aller à l'état 26


État 21

    8 listArgs: listTmp .

    $défaut  réduction par utilisation de la règle 8 (listArgs)


État 22

   18 listVars: . ID
   20         | . ID $@4 SEPAR listVars
   20         | ID $@4 SEPAR . listVars

    ID  décalage et aller à l'état 27

    listVars  aller à l'état 28


État 23

   47 $@12: . %empty
   49 main: TYPE MAIN LPAR RPAR . $@12 bloc $@13 fonctions

    $défaut  réduction par utilisation de la règle 47 ($@12)

    $@12  aller à l'état 29


État 24

   22 listDeclarationVar: TYPE listVars PV listDeclarationVar .

    $défaut  réduction par utilisation de la règle 22 (listDeclarationVar)


État 25

    9 listTmp: TYPE ID . listTmpBis
   10 listTmpBis: . %empty  [RPAR]
   11           | . SEPAR listTmp

    SEPAR  décalage et aller à l'état 30

    $défaut  réduction par utilisation de la règle 10 (listTmpBis)

    listTmpBis  aller à l'état 31


État 26

   25 listDeclarationFunct: TYPE ID LPAR listArgs RPAR . PV

    PV  décalage et aller à l'état 32


État 27

   18 listVars: ID .  [PV]
   19 $@4: . %empty  [SEPAR]
   20 listVars: ID . $@4 SEPAR listVars

    SEPAR     réduction par utilisation de la règle 19 ($@4)
    $défaut  réduction par utilisation de la règle 18 (listVars)

    $@4  aller à l'état 14


État 28

   20 listVars: ID $@4 SEPAR listVars .

    $défaut  réduction par utilisation de la règle 20 (listVars)


État 29

   42 bloc: . ACO $@10 instructions ACF
   49 main: TYPE MAIN LPAR RPAR $@12 . bloc $@13 fonctions

    ACO  décalage et aller à l'état 33

    bloc  aller à l'état 34


État 30

    9 listTmp: . TYPE ID listTmpBis
   11 listTmpBis: SEPAR . listTmp

    TYPE  décalage et aller à l'état 18

    listTmp  aller à l'état 35


État 31

    9 listTmp: TYPE ID listTmpBis .

    $défaut  réduction par utilisation de la règle 9 (listTmp)


État 32

   25 listDeclarationFunct: TYPE ID LPAR listArgs RPAR PV .

    $défaut  réduction par utilisation de la règle 25 (listDeclarationFunct)


État 33

   41 $@10: . %empty
   42 bloc: ACO . $@10 instructions ACF

    $défaut  réduction par utilisation de la règle 41 ($@10)

    $@10  aller à l'état 36


État 34

   48 $@13: . %empty
   49 main: TYPE MAIN LPAR RPAR $@12 bloc . $@13 fonctions

    $défaut  réduction par utilisation de la règle 48 ($@13)

    $@13  aller à l'état 37


État 35

   11 listTmpBis: SEPAR listTmp .

    $défaut  réduction par utilisation de la règle 11 (listTmpBis)


État 36

   26 instructions: . %empty  [ACF]
   27             | . TYPE listVars PV instructions
   29             | . ID LPAR listp RPAR PV $@5 instructions
   31             | . ID AFF expression PV $@6 instructions
   32             | . condition
   33             | . while
   34             | . retour
   35 while: . WHILE LPAR expression RPAR bloc instructions
   37 condition: . IF LPAR expression RPAR bloc $@7 instructions
   40          | . IF LPAR expression RPAR bloc $@8 ELSE bloc $@9 instructions
   42 bloc: ACO $@10 . instructions ACF
   45 retour: . RETURN expression PV instructions

    ID      décalage et aller à l'état 38
    TYPE    décalage et aller à l'état 39
    IF      décalage et aller à l'état 40
    WHILE   décalage et aller à l'état 41
    RETURN  décalage et aller à l'état 42

    $défaut  réduction par utilisation de la règle 26 (instructions)

    instructions  aller à l'état 43
    while         aller à l'état 44
    condition     aller à l'état 45
    retour        aller à l'état 46


État 37

   49 main: TYPE MAIN LPAR RPAR $@12 bloc $@13 . fonctions
   50 fonctions: . %empty  [$end]
   53          | . TYPE ID LPAR $@14 listArgsDef RPAR $@15 blocFunct fonctions

    TYPE  décalage et aller à l'état 47

    $défaut  réduction par utilisation de la règle 50 (fonctions)

    fonctions  aller à l'état 48


État 38

   29 instructions: ID . LPAR listp RPAR PV $@5 instructions
   31             | ID . AFF expression PV $@6 instructions

    AFF   décalage et aller à l'état 49
    LPAR  décalage et aller à l'état 50


État 39

   18 listVars: . ID
   20         | . ID $@4 SEPAR listVars
   27 instructions: TYPE . listVars PV instructions

    ID  décalage et aller à l'état 27

    listVars  aller à l'état 51


État 40

   37 condition: IF . LPAR expression RPAR bloc $@7 instructions
   40          | IF . LPAR expression RPAR bloc $@8 ELSE bloc $@9 instructions

    LPAR  décalage et aller à l'état 52


État 41

   35 while: WHILE . LPAR expression RPAR bloc instructions

    LPAR  décalage et aller à l'état 53


État 42

   45 retour: RETURN . expression PV instructions
   54 expression: . expression expressionBis
   55           | . ENT
   56           | . ID
   57           | . ID LPAR listp RPAR
   58           | . LPAR expression RPAR
   59           | . '!' expression

    ENT   décalage et aller à l'état 54
    ID    décalage et aller à l'état 55
    LPAR  décalage et aller à l'état 56
    '!'   décalage et aller à l'état 57

    expression  aller à l'état 58


État 43

   42 bloc: ACO $@10 instructions . ACF

    ACF  décalage et aller à l'état 59


État 44

   33 instructions: while .

    $défaut  réduction par utilisation de la règle 33 (instructions)


État 45

   32 instructions: condition .

    $défaut  réduction par utilisation de la règle 32 (instructions)


État 46

   34 instructions: retour .

    $défaut  réduction par utilisation de la règle 34 (instructions)


État 47

   53 fonctions: TYPE . ID LPAR $@14 listArgsDef RPAR $@15 blocFunct fonctions

    ID  décalage et aller à l'état 60


État 48

   49 main: TYPE MAIN LPAR RPAR $@12 bloc $@13 fonctions .

    $défaut  réduction par utilisation de la règle 49 (main)


État 49

   31 instructions: ID AFF . expression PV $@6 instructions
   54 expression: . expression expressionBis
   55           | . ENT
   56           | . ID
   57           | . ID LPAR listp RPAR
   58           | . LPAR expression RPAR
   59           | . '!' expression

    ENT   décalage et aller à l'état 54
    ID    décalage et aller à l'état 55
    LPAR  décalage et aller à l'état 56
    '!'   décalage et aller à l'état 57

    expression  aller à l'état 61


État 50

    2 list: . expression $@1 listBis
    5 listp: . %empty  [RPAR]
    6      | . list
   29 instructions: ID LPAR . listp RPAR PV $@5 instructions
   54 expression: . expression expressionBis
   55           | . ENT
   56           | . ID
   57           | . ID LPAR listp RPAR
   58           | . LPAR expression RPAR
   59           | . '!' expression

    ENT   décalage et aller à l'état 54
    ID    décalage et aller à l'état 55
    LPAR  décalage et aller à l'état 56
    '!'   décalage et aller à l'état 57

    $défaut  réduction par utilisation de la règle 5 (listp)

    list        aller à l'état 62
    listp       aller à l'état 63
    expression  aller à l'état 64


État 51

   27 instructions: TYPE listVars . PV instructions

    PV  décalage et aller à l'état 65


État 52

   37 condition: IF LPAR . expression RPAR bloc $@7 instructions
   40          | IF LPAR . expression RPAR bloc $@8 ELSE bloc $@9 instructions
   54 expression: . expression expressionBis
   55           | . ENT
   56           | . ID
   57           | . ID LPAR listp RPAR
   58           | . LPAR expression RPAR
   59           | . '!' expression

    ENT   décalage et aller à l'état 54
    ID    décalage et aller à l'état 55
    LPAR  décalage et aller à l'état 56
    '!'   décalage et aller à l'état 57

    expression  aller à l'état 66


État 53

   35 while: WHILE LPAR . expression RPAR bloc instructions
   54 expression: . expression expressionBis
   55           | . ENT
   56           | . ID
   57           | . ID LPAR listp RPAR
   58           | . LPAR expression RPAR
   59           | . '!' expression

    ENT   décalage et aller à l'état 54
    ID    décalage et aller à l'état 55
    LPAR  décalage et aller à l'état 56
    '!'   décalage et aller à l'état 57

    expression  aller à l'état 67


État 54

   55 expression: ENT .

    $défaut  réduction par utilisation de la règle 55 (expression)


État 55

   56 expression: ID .  [EQ, INFS, INFE, ET, OR, SEPAR, PV, ADD, MOINS, MULT, RPAR, SUPS, SUPE]
   57           | ID . LPAR listp RPAR

    LPAR  décalage et aller à l'état 68

    $défaut  réduction par utilisation de la règle 56 (expression)


État 56

   54 expression: . expression expressionBis
   55           | . ENT
   56           | . ID
   57           | . ID LPAR listp RPAR
   58           | . LPAR expression RPAR
   58           | LPAR . expression RPAR
   59           | . '!' expression

    ENT   décalage et aller à l'état 54
    ID    décalage et aller à l'état 55
    LPAR  décalage et aller à l'état 56
    '!'   décalage et aller à l'état 57

    expression  aller à l'état 69


État 57

   54 expression: . expression expressionBis
   55           | . ENT
   56           | . ID
   57           | . ID LPAR listp RPAR
   58           | . LPAR expression RPAR
   59           | . '!' expression
   59           | '!' . expression

    ENT   décalage et aller à l'état 54
    ID    décalage et aller à l'état 55
    LPAR  décalage et aller à l'état 56
    '!'   décalage et aller à l'état 57

    expression  aller à l'état 70


État 58

   45 retour: RETURN expression . PV instructions
   54 expression: expression . expressionBis
   60 expressionBis: . ADD expression
   61              | . MOINS expression
   62              | . MULT expression
   63              | . EQ expression
   64              | . INFS expression
   65              | . INFE expression
   66              | . SUPE expression
   67              | . SUPS expression
   68              | . ET expression
   69              | . OR expression

    EQ     décalage et aller à l'état 71
    INFS   décalage et aller à l'état 72
    INFE   décalage et aller à l'état 73
    ET     décalage et aller à l'état 74
    OR     décalage et aller à l'état 75
    PV     décalage et aller à l'état 76
    ADD    décalage et aller à l'état 77
    MOINS  décalage et aller à l'état 78
    MULT   décalage et aller à l'état 79
    SUPS   décalage et aller à l'état 80
    SUPE   décalage et aller à l'état 81

    expressionBis  aller à l'état 82


État 59

   42 bloc: ACO $@10 instructions ACF .

    $défaut  réduction par utilisation de la règle 42 (bloc)


État 60

   53 fonctions: TYPE ID . LPAR $@14 listArgsDef RPAR $@15 blocFunct fonctions

    LPAR  décalage et aller à l'état 83


État 61

   31 instructions: ID AFF expression . PV $@6 instructions
   54 expression: expression . expressionBis
   60 expressionBis: . ADD expression
   61              | . MOINS expression
   62              | . MULT expression
   63              | . EQ expression
   64              | . INFS expression
   65              | . INFE expression
   66              | . SUPE expression
   67              | . SUPS expression
   68              | . ET expression
   69              | . OR expression

    EQ     décalage et aller à l'état 71
    INFS   décalage et aller à l'état 72
    INFE   décalage et aller à l'état 73
    ET     décalage et aller à l'état 74
    OR     décalage et aller à l'état 75
    PV     décalage et aller à l'état 84
    ADD    décalage et aller à l'état 77
    MOINS  décalage et aller à l'état 78
    MULT   décalage et aller à l'état 79
    SUPS   décalage et aller à l'état 80
    SUPE   décalage et aller à l'état 81

    expressionBis  aller à l'état 82


État 62

    6 listp: list .

    $défaut  réduction par utilisation de la règle 6 (listp)


État 63

   29 instructions: ID LPAR listp . RPAR PV $@5 instructions

    RPAR  décalage et aller à l'état 85


État 64

    1 $@1: . %empty  [SEPAR, RPAR]
    2 list: expression . $@1 listBis
   54 expression: expression . expressionBis
   60 expressionBis: . ADD expression
   61              | . MOINS expression
   62              | . MULT expression
   63              | . EQ expression
   64              | . INFS expression
   65              | . INFE expression
   66              | . SUPE expression
   67              | . SUPS expression
   68              | . ET expression
   69              | . OR expression

    EQ     décalage et aller à l'état 71
    INFS   décalage et aller à l'état 72
    INFE   décalage et aller à l'état 73
    ET     décalage et aller à l'état 74
    OR     décalage et aller à l'état 75
    ADD    décalage et aller à l'état 77
    MOINS  décalage et aller à l'état 78
    MULT   décalage et aller à l'état 79
    SUPS   décalage et aller à l'état 80
    SUPE   décalage et aller à l'état 81

    $défaut  réduction par utilisation de la règle 1 ($@1)

    $@1            aller à l'état 86
    expressionBis  aller à l'état 82


État 65

   26 instructions: . %empty  [ACF]
   27             | . TYPE listVars PV instructions
   27             | TYPE listVars PV . instructions
   29             | . ID LPAR listp RPAR PV $@5 instructions
   31             | . ID AFF expression PV $@6 instructions
   32             | . condition
   33             | . while
   34             | . retour
   35 while: . WHILE LPAR expression RPAR bloc instructions
   37 condition: . IF LPAR expression RPAR bloc $@7 instructions
   40          | . IF LPAR expression RPAR bloc $@8 ELSE bloc $@9 instructions
   45 retour: . RETURN expression PV instructions

    ID      décalage et aller à l'état 38
    TYPE    décalage et aller à l'état 39
    IF      décalage et aller à l'état 40
    WHILE   décalage et aller à l'état 41
    RETURN  décalage et aller à l'état 42

    $défaut  réduction par utilisation de la règle 26 (instructions)

    instructions  aller à l'état 87
    while         aller à l'état 44
    condition     aller à l'état 45
    retour        aller à l'état 46


État 66

   37 condition: IF LPAR expression . RPAR bloc $@7 instructions
   40          | IF LPAR expression . RPAR bloc $@8 ELSE bloc $@9 instructions
   54 expression: expression . expressionBis
   60 expressionBis: . ADD expression
   61              | . MOINS expression
   62              | . MULT expression
   63              | . EQ expression
   64              | . INFS expression
   65              | . INFE expression
   66              | . SUPE expression
   67              | . SUPS expression
   68              | . ET expression
   69              | . OR expression

    EQ     décalage et aller à l'état 71
    INFS   décalage et aller à l'état 72
    INFE   décalage et aller à l'état 73
    ET     décalage et aller à l'état 74
    OR     décalage et aller à l'état 75
    ADD    décalage et aller à l'état 77
    MOINS  décalage et aller à l'état 78
    MULT   décalage et aller à l'état 79
    RPAR   décalage et aller à l'état 88
    SUPS   décalage et aller à l'état 80
    SUPE   décalage et aller à l'état 81

    expressionBis  aller à l'état 82


État 67

   35 while: WHILE LPAR expression . RPAR bloc instructions
   54 expression: expression . expressionBis
   60 expressionBis: . ADD expression
   61              | . MOINS expression
   62              | . MULT expression
   63              | . EQ expression
   64              | . INFS expression
   65              | . INFE expression
   66              | . SUPE expression
   67              | . SUPS expression
   68              | . ET expression
   69              | . OR expression

    EQ     décalage et aller à l'état 71
    INFS   décalage et aller à l'état 72
    INFE   décalage et aller à l'état 73
    ET     décalage et aller à l'état 74
    OR     décalage et aller à l'état 75
    ADD    décalage et aller à l'état 77
    MOINS  décalage et aller à l'état 78
    MULT   décalage et aller à l'état 79
    RPAR   décalage et aller à l'état 89
    SUPS   décalage et aller à l'état 80
    SUPE   décalage et aller à l'état 81

    expressionBis  aller à l'état 82


État 68

    2 list: . expression $@1 listBis
    5 listp: . %empty  [RPAR]
    6      | . list
   54 expression: . expression expressionBis
   55           | . ENT
   56           | . ID
   57           | . ID LPAR listp RPAR
   57           | ID LPAR . listp RPAR
   58           | . LPAR expression RPAR
   59           | . '!' expression

    ENT   décalage et aller à l'état 54
    ID    décalage et aller à l'état 55
    LPAR  décalage et aller à l'état 56
    '!'   décalage et aller à l'état 57

    $défaut  réduction par utilisation de la règle 5 (listp)

    list        aller à l'état 62
    listp       aller à l'état 90
    expression  aller à l'état 64


État 69

   54 expression: expression . expressionBis
   58           | LPAR expression . RPAR
   60 expressionBis: . ADD expression
   61              | . MOINS expression
   62              | . MULT expression
   63              | . EQ expression
   64              | . INFS expression
   65              | . INFE expression
   66              | . SUPE expression
   67              | . SUPS expression
   68              | . ET expression
   69              | . OR expression

    EQ     décalage et aller à l'état 71
    INFS   décalage et aller à l'état 72
    INFE   décalage et aller à l'état 73
    ET     décalage et aller à l'état 74
    OR     décalage et aller à l'état 75
    ADD    décalage et aller à l'état 77
    MOINS  décalage et aller à l'état 78
    MULT   décalage et aller à l'état 79
    RPAR   décalage et aller à l'état 91
    SUPS   décalage et aller à l'état 80
    SUPE   décalage et aller à l'état 81

    expressionBis  aller à l'état 82


État 70

   54 expression: expression . expressionBis
   59           | '!' expression .  [EQ, ET, OR, SEPAR, PV, ADD, MOINS, MULT, RPAR]
   60 expressionBis: . ADD expression
   61              | . MOINS expression
   62              | . MULT expression
   63              | . EQ expression
   64              | . INFS expression
   65              | . INFE expression
   66              | . SUPE expression
   67              | . SUPS expression
   68              | . ET expression
   69              | . OR expression

    INFS  décalage et aller à l'état 72
    INFE  décalage et aller à l'état 73
    SUPS  décalage et aller à l'état 80
    SUPE  décalage et aller à l'état 81

    $défaut  réduction par utilisation de la règle 59 (expression)

    expressionBis  aller à l'état 82

    Conflit entre la règle 59 et le jeton EQ résolu par réduction (%left EQ).
    Conflit entre la règle 59 et le jeton INFS résolu par décalage ('!' < INFS).
    Conflit entre la règle 59 et le jeton INFE résolu par décalage ('!' < INFE).
    Conflit entre la règle 59 et le jeton ET résolu par réduction (%left ET).
    Conflit entre la règle 59 et le jeton OR résolu par réduction (%left OR).
    Conflit entre la règle 59 et le jeton ADD résolu par réduction (ADD < '!').
    Conflit entre la règle 59 et le jeton MOINS résolu par réduction (MOINS < '!').
    Conflit entre la règle 59 et le jeton MULT résolu par réduction (MULT < '!').
    Conflit entre la règle 59 et le jeton SUPS résolu par décalage ('!' < SUPS).
    Conflit entre la règle 59 et le jeton SUPE résolu par décalage ('!' < SUPE).


État 71

   54 expression: . expression expressionBis
   55           | . ENT
   56           | . ID
   57           | . ID LPAR listp RPAR
   58           | . LPAR expression RPAR
   59           | . '!' expression
   63 expressionBis: EQ . expression

    ENT   décalage et aller à l'état 54
    ID    décalage et aller à l'état 55
    LPAR  décalage et aller à l'état 56
    '!'   décalage et aller à l'état 57

    expression  aller à l'état 92


État 72

   54 expression: . expression expressionBis
   55           | . ENT
   56           | . ID
   57           | . ID LPAR listp RPAR
   58           | . LPAR expression RPAR
   59           | . '!' expression
   64 expressionBis: INFS . expression

    ENT   décalage et aller à l'état 54
    ID    décalage et aller à l'état 55
    LPAR  décalage et aller à l'état 56
    '!'   décalage et aller à l'état 57

    expression  aller à l'état 93


État 73

   54 expression: . expression expressionBis
   55           | . ENT
   56           | . ID
   57           | . ID LPAR listp RPAR
   58           | . LPAR expression RPAR
   59           | . '!' expression
   65 expressionBis: INFE . expression

    ENT   décalage et aller à l'état 54
    ID    décalage et aller à l'état 55
    LPAR  décalage et aller à l'état 56
    '!'   décalage et aller à l'état 57

    expression  aller à l'état 94


État 74

   54 expression: . expression expressionBis
   55           | . ENT
   56           | . ID
   57           | . ID LPAR listp RPAR
   58           | . LPAR expression RPAR
   59           | . '!' expression
   68 expressionBis: ET . expression

    ENT   décalage et aller à l'état 54
    ID    décalage et aller à l'état 55
    LPAR  décalage et aller à l'état 56
    '!'   décalage et aller à l'état 57

    expression  aller à l'état 95


État 75

   54 expression: . expression expressionBis
   55           | . ENT
   56           | . ID
   57           | . ID LPAR listp RPAR
   58           | . LPAR expression RPAR
   59           | . '!' expression
   69 expressionBis: OR . expression

    ENT   décalage et aller à l'état 54
    ID    décalage et aller à l'état 55
    LPAR  décalage et aller à l'état 56
    '!'   décalage et aller à l'état 57

    expression  aller à l'état 96


État 76

   26 instructions: . %empty  [ACF]
   27             | . TYPE listVars PV instructions
   29             | . ID LPAR listp RPAR PV $@5 instructions
   31             | . ID AFF expression PV $@6 instructions
   32             | . condition
   33             | . while
   34             | . retour
   35 while: . WHILE LPAR expression RPAR bloc instructions
   37 condition: . IF LPAR expression RPAR bloc $@7 instructions
   40          | . IF LPAR expression RPAR bloc $@8 ELSE bloc $@9 instructions
   45 retour: . RETURN expression PV instructions
   45       | RETURN expression PV . instructions

    ID      décalage et aller à l'état 38
    TYPE    décalage et aller à l'état 39
    IF      décalage et aller à l'état 40
    WHILE   décalage et aller à l'état 41
    RETURN  décalage et aller à l'état 42

    $défaut  réduction par utilisation de la règle 26 (instructions)

    instructions  aller à l'état 97
    while         aller à l'état 44
    condition     aller à l'état 45
    retour        aller à l'état 46


État 77

   54 expression: . expression expressionBis
   55           | . ENT
   56           | . ID
   57           | . ID LPAR listp RPAR
   58           | . LPAR expression RPAR
   59           | . '!' expression
   60 expressionBis: ADD . expression

    ENT   décalage et aller à l'état 54
    ID    décalage et aller à l'état 55
    LPAR  décalage et aller à l'état 56
    '!'   décalage et aller à l'état 57

    expression  aller à l'état 98


État 78

   54 expression: . expression expressionBis
   55           | . ENT
   56           | . ID
   57           | . ID LPAR listp RPAR
   58           | . LPAR expression RPAR
   59           | . '!' expression
   61 expressionBis: MOINS . expression

    ENT   décalage et aller à l'état 54
    ID    décalage et aller à l'état 55
    LPAR  décalage et aller à l'état 56
    '!'   décalage et aller à l'état 57

    expression  aller à l'état 99


État 79

   54 expression: . expression expressionBis
   55           | . ENT
   56           | . ID
   57           | . ID LPAR listp RPAR
   58           | . LPAR expression RPAR
   59           | . '!' expression
   62 expressionBis: MULT . expression

    ENT   décalage et aller à l'état 54
    ID    décalage et aller à l'état 55
    LPAR  décalage et aller à l'état 56
    '!'   décalage et aller à l'état 57

    expression  aller à l'état 100


État 80

   54 expression: . expression expressionBis
   55           | . ENT
   56           | . ID
   57           | . ID LPAR listp RPAR
   58           | . LPAR expression RPAR
   59           | . '!' expression
   67 expressionBis: SUPS . expression

    ENT   décalage et aller à l'état 54
    ID    décalage et aller à l'état 55
    LPAR  décalage et aller à l'état 56
    '!'   décalage et aller à l'état 57

    expression  aller à l'état 101


État 81

   54 expression: . expression expressionBis
   55           | . ENT
   56           | . ID
   57           | . ID LPAR listp RPAR
   58           | . LPAR expression RPAR
   59           | . '!' expression
   66 expressionBis: SUPE . expression

    ENT   décalage et aller à l'état 54
    ID    décalage et aller à l'état 55
    LPAR  décalage et aller à l'état 56
    '!'   décalage et aller à l'état 57

    expression  aller à l'état 102


État 82

   54 expression: expression expressionBis .

    $défaut  réduction par utilisation de la règle 54 (expression)


État 83

   51 $@14: . %empty
   53 fonctions: TYPE ID LPAR . $@14 listArgsDef RPAR $@15 blocFunct fonctions

    $défaut  réduction par utilisation de la règle 51 ($@14)

    $@14  aller à l'état 103


État 84

   30 $@6: . %empty
   31 instructions: ID AFF expression PV . $@6 instructions

    $défaut  réduction par utilisation de la règle 30 ($@6)

    $@6  aller à l'état 104


État 85

   29 instructions: ID LPAR listp RPAR . PV $@5 instructions

    PV  décalage et aller à l'état 105


État 86

    2 list: expression $@1 . listBis
    3 listBis: . %empty  [RPAR]
    4        | . SEPAR list

    SEPAR  décalage et aller à l'état 106

    $défaut  réduction par utilisation de la règle 3 (listBis)

    listBis  aller à l'état 107


État 87

   27 instructions: TYPE listVars PV instructions .

    $défaut  réduction par utilisation de la règle 27 (instructions)


État 88

   37 condition: IF LPAR expression RPAR . bloc $@7 instructions
   40          | IF LPAR expression RPAR . bloc $@8 ELSE bloc $@9 instructions
   42 bloc: . ACO $@10 instructions ACF

    ACO  décalage et aller à l'état 33

    bloc  aller à l'état 108


État 89

   35 while: WHILE LPAR expression RPAR . bloc instructions
   42 bloc: . ACO $@10 instructions ACF

    ACO  décalage et aller à l'état 33

    bloc  aller à l'état 109


État 90

   57 expression: ID LPAR listp . RPAR

    RPAR  décalage et aller à l'état 110


État 91

   58 expression: LPAR expression RPAR .

    $défaut  réduction par utilisation de la règle 58 (expression)


État 92

   54 expression: expression . expressionBis
   60 expressionBis: . ADD expression
   61              | . MOINS expression
   62              | . MULT expression
   63              | . EQ expression
   63              | EQ expression .  [EQ, ET, OR, SEPAR, PV, ADD, MOINS, MULT, RPAR]
   64              | . INFS expression
   65              | . INFE expression
   66              | . SUPE expression
   67              | . SUPS expression
   68              | . ET expression
   69              | . OR expression

    INFS  décalage et aller à l'état 72
    INFE  décalage et aller à l'état 73
    SUPS  décalage et aller à l'état 80
    SUPE  décalage et aller à l'état 81

    $défaut  réduction par utilisation de la règle 63 (expressionBis)

    expressionBis  aller à l'état 82

    Conflit entre la règle 63 et le jeton EQ résolu par réduction (%left EQ).
    Conflit entre la règle 63 et le jeton INFS résolu par décalage (EQ < INFS).
    Conflit entre la règle 63 et le jeton INFE résolu par décalage (EQ < INFE).
    Conflit entre la règle 63 et le jeton ET résolu par réduction (%left ET).
    Conflit entre la règle 63 et le jeton OR résolu par réduction (%left OR).
    Conflit entre la règle 63 et le jeton ADD résolu par réduction (ADD < EQ).
    Conflit entre la règle 63 et le jeton MOINS résolu par réduction (MOINS < EQ).
    Conflit entre la règle 63 et le jeton MULT résolu par réduction (MULT < EQ).
    Conflit entre la règle 63 et le jeton SUPS résolu par décalage (EQ < SUPS).
    Conflit entre la règle 63 et le jeton SUPE résolu par décalage (EQ < SUPE).


État 93

   54 expression: expression . expressionBis
   60 expressionBis: . ADD expression
   61              | . MOINS expression
   62              | . MULT expression
   63              | . EQ expression
   64              | . INFS expression
   64              | INFS expression .  [EQ, INFS, INFE, ET, OR, SEPAR, PV, ADD, MOINS, MULT, RPAR, SUPS, SUPE]
   65              | . INFE expression
   66              | . SUPE expression
   67              | . SUPS expression
   68              | . ET expression
   69              | . OR expression

    $défaut  réduction par utilisation de la règle 64 (expressionBis)

    expressionBis  aller à l'état 82

    Conflit entre la règle 64 et le jeton EQ résolu par réduction (EQ < INFS).
    Conflit entre la règle 64 et le jeton INFS résolu par réduction (%left INFS).
    Conflit entre la règle 64 et le jeton INFE résolu par réduction (%left INFE).
    Conflit entre la règle 64 et le jeton ET résolu par réduction (ET < INFS).
    Conflit entre la règle 64 et le jeton OR résolu par réduction (OR < INFS).
    Conflit entre la règle 64 et le jeton ADD résolu par réduction (ADD < INFS).
    Conflit entre la règle 64 et le jeton MOINS résolu par réduction (MOINS < INFS).
    Conflit entre la règle 64 et le jeton MULT résolu par réduction (MULT < INFS).
    Conflit entre la règle 64 et le jeton SUPS résolu par réduction (%left SUPS).
    Conflit entre la règle 64 et le jeton SUPE résolu par réduction (%left SUPE).


État 94

   54 expression: expression . expressionBis
   60 expressionBis: . ADD expression
   61              | . MOINS expression
   62              | . MULT expression
   63              | . EQ expression
   64              | . INFS expression
   65              | . INFE expression
   65              | INFE expression .  [EQ, INFS, INFE, ET, OR, SEPAR, PV, ADD, MOINS, MULT, RPAR, SUPS, SUPE]
   66              | . SUPE expression
   67              | . SUPS expression
   68              | . ET expression
   69              | . OR expression

    $défaut  réduction par utilisation de la règle 65 (expressionBis)

    expressionBis  aller à l'état 82

    Conflit entre la règle 65 et le jeton EQ résolu par réduction (EQ < INFE).
    Conflit entre la règle 65 et le jeton INFS résolu par réduction (%left INFS).
    Conflit entre la règle 65 et le jeton INFE résolu par réduction (%left INFE).
    Conflit entre la règle 65 et le jeton ET résolu par réduction (ET < INFE).
    Conflit entre la règle 65 et le jeton OR résolu par réduction (OR < INFE).
    Conflit entre la règle 65 et le jeton ADD résolu par réduction (ADD < INFE).
    Conflit entre la règle 65 et le jeton MOINS résolu par réduction (MOINS < INFE).
    Conflit entre la règle 65 et le jeton MULT résolu par réduction (MULT < INFE).
    Conflit entre la règle 65 et le jeton SUPS résolu par réduction (%left SUPS).
    Conflit entre la règle 65 et le jeton SUPE résolu par réduction (%left SUPE).


État 95

   54 expression: expression . expressionBis
   60 expressionBis: . ADD expression
   61              | . MOINS expression
   62              | . MULT expression
   63              | . EQ expression
   64              | . INFS expression
   65              | . INFE expression
   66              | . SUPE expression
   67              | . SUPS expression
   68              | . ET expression
   68              | ET expression .  [EQ, ET, OR, SEPAR, PV, ADD, MOINS, MULT, RPAR]
   69              | . OR expression

    INFS  décalage et aller à l'état 72
    INFE  décalage et aller à l'état 73
    SUPS  décalage et aller à l'état 80
    SUPE  décalage et aller à l'état 81

    $défaut  réduction par utilisation de la règle 68 (expressionBis)

    expressionBis  aller à l'état 82

    Conflit entre la règle 68 et le jeton EQ résolu par réduction (%left EQ).
    Conflit entre la règle 68 et le jeton INFS résolu par décalage (ET < INFS).
    Conflit entre la règle 68 et le jeton INFE résolu par décalage (ET < INFE).
    Conflit entre la règle 68 et le jeton ET résolu par réduction (%left ET).
    Conflit entre la règle 68 et le jeton OR résolu par réduction (%left OR).
    Conflit entre la règle 68 et le jeton ADD résolu par réduction (ADD < ET).
    Conflit entre la règle 68 et le jeton MOINS résolu par réduction (MOINS < ET).
    Conflit entre la règle 68 et le jeton MULT résolu par réduction (MULT < ET).
    Conflit entre la règle 68 et le jeton SUPS résolu par décalage (ET < SUPS).
    Conflit entre la règle 68 et le jeton SUPE résolu par décalage (ET < SUPE).


État 96

   54 expression: expression . expressionBis
   60 expressionBis: . ADD expression
   61              | . MOINS expression
   62              | . MULT expression
   63              | . EQ expression
   64              | . INFS expression
   65              | . INFE expression
   66              | . SUPE expression
   67              | . SUPS expression
   68              | . ET expression
   69              | . OR expression
   69              | OR expression .  [EQ, ET, OR, SEPAR, PV, ADD, MOINS, MULT, RPAR]

    INFS  décalage et aller à l'état 72
    INFE  décalage et aller à l'état 73
    SUPS  décalage et aller à l'état 80
    SUPE  décalage et aller à l'état 81

    $défaut  réduction par utilisation de la règle 69 (expressionBis)

    expressionBis  aller à l'état 82

    Conflit entre la règle 69 et le jeton EQ résolu par réduction (%left EQ).
    Conflit entre la règle 69 et le jeton INFS résolu par décalage (OR < INFS).
    Conflit entre la règle 69 et le jeton INFE résolu par décalage (OR < INFE).
    Conflit entre la règle 69 et le jeton ET résolu par réduction (%left ET).
    Conflit entre la règle 69 et le jeton OR résolu par réduction (%left OR).
    Conflit entre la règle 69 et le jeton ADD résolu par réduction (ADD < OR).
    Conflit entre la règle 69 et le jeton MOINS résolu par réduction (MOINS < OR).
    Conflit entre la règle 69 et le jeton MULT résolu par réduction (MULT < OR).
    Conflit entre la règle 69 et le jeton SUPS résolu par décalage (OR < SUPS).
    Conflit entre la règle 69 et le jeton SUPE résolu par décalage (OR < SUPE).


État 97

   45 retour: RETURN expression PV instructions .

    $défaut  réduction par utilisation de la règle 45 (retour)


État 98

   54 expression: expression . expressionBis
   60 expressionBis: . ADD expression
   60              | ADD expression .  [SEPAR, PV, ADD, MOINS, RPAR]
   61              | . MOINS expression
   62              | . MULT expression
   63              | . EQ expression
   64              | . INFS expression
   65              | . INFE expression
   66              | . SUPE expression
   67              | . SUPS expression
   68              | . ET expression
   69              | . OR expression

    EQ    décalage et aller à l'état 71
    INFS  décalage et aller à l'état 72
    INFE  décalage et aller à l'état 73
    ET    décalage et aller à l'état 74
    OR    décalage et aller à l'état 75
    MULT  décalage et aller à l'état 79
    SUPS  décalage et aller à l'état 80
    SUPE  décalage et aller à l'état 81

    $défaut  réduction par utilisation de la règle 60 (expressionBis)

    expressionBis  aller à l'état 82

    Conflit entre la règle 60 et le jeton EQ résolu par décalage (ADD < EQ).
    Conflit entre la règle 60 et le jeton INFS résolu par décalage (ADD < INFS).
    Conflit entre la règle 60 et le jeton INFE résolu par décalage (ADD < INFE).
    Conflit entre la règle 60 et le jeton ET résolu par décalage (ADD < ET).
    Conflit entre la règle 60 et le jeton OR résolu par décalage (ADD < OR).
    Conflit entre la règle 60 et le jeton ADD résolu par réduction (%left ADD).
    Conflit entre la règle 60 et le jeton MOINS résolu par réduction (%left MOINS).
    Conflit entre la règle 60 et le jeton MULT résolu par décalage (ADD < MULT).
    Conflit entre la règle 60 et le jeton SUPS résolu par décalage (ADD < SUPS).
    Conflit entre la règle 60 et le jeton SUPE résolu par décalage (ADD < SUPE).


État 99

   54 expression: expression . expressionBis
   60 expressionBis: . ADD expression
   61              | . MOINS expression
   61              | MOINS expression .  [SEPAR, PV, ADD, MOINS, RPAR]
   62              | . MULT expression
   63              | . EQ expression
   64              | . INFS expression
   65              | . INFE expression
   66              | . SUPE expression
   67              | . SUPS expression
   68              | . ET expression
   69              | . OR expression

    EQ    décalage et aller à l'état 71
    INFS  décalage et aller à l'état 72
    INFE  décalage et aller à l'état 73
    ET    décalage et aller à l'état 74
    OR    décalage et aller à l'état 75
    MULT  décalage et aller à l'état 79
    SUPS  décalage et aller à l'état 80
    SUPE  décalage et aller à l'état 81

    $défaut  réduction par utilisation de la règle 61 (expressionBis)

    expressionBis  aller à l'état 82

    Conflit entre la règle 61 et le jeton EQ résolu par décalage (MOINS < EQ).
    Conflit entre la règle 61 et le jeton INFS résolu par décalage (MOINS < INFS).
    Conflit entre la règle 61 et le jeton INFE résolu par décalage (MOINS < INFE).
    Conflit entre la règle 61 et le jeton ET résolu par décalage (MOINS < ET).
    Conflit entre la règle 61 et le jeton OR résolu par décalage (MOINS < OR).
    Conflit entre la règle 61 et le jeton ADD résolu par réduction (%left ADD).
    Conflit entre la règle 61 et le jeton MOINS résolu par réduction (%left MOINS).
    Conflit entre la règle 61 et le jeton MULT résolu par décalage (MOINS < MULT).
    Conflit entre la règle 61 et le jeton SUPS résolu par décalage (MOINS < SUPS).
    Conflit entre la règle 61 et le jeton SUPE résolu par décalage (MOINS < SUPE).


État 100

   54 expression: expression . expressionBis
   60 expressionBis: . ADD expression
   61              | . MOINS expression
   62              | . MULT expression
   62              | MULT expression .  [SEPAR, PV, ADD, MOINS, MULT, RPAR]
   63              | . EQ expression
   64              | . INFS expression
   65              | . INFE expression
   66              | . SUPE expression
   67              | . SUPS expression
   68              | . ET expression
   69              | . OR expression

    EQ    décalage et aller à l'état 71
    INFS  décalage et aller à l'état 72
    INFE  décalage et aller à l'état 73
    ET    décalage et aller à l'état 74
    OR    décalage et aller à l'état 75
    SUPS  décalage et aller à l'état 80
    SUPE  décalage et aller à l'état 81

    $défaut  réduction par utilisation de la règle 62 (expressionBis)

    expressionBis  aller à l'état 82

    Conflit entre la règle 62 et le jeton EQ résolu par décalage (MULT < EQ).
    Conflit entre la règle 62 et le jeton INFS résolu par décalage (MULT < INFS).
    Conflit entre la règle 62 et le jeton INFE résolu par décalage (MULT < INFE).
    Conflit entre la règle 62 et le jeton ET résolu par décalage (MULT < ET).
    Conflit entre la règle 62 et le jeton OR résolu par décalage (MULT < OR).
    Conflit entre la règle 62 et le jeton ADD résolu par réduction (ADD < MULT).
    Conflit entre la règle 62 et le jeton MOINS résolu par réduction (MOINS < MULT).
    Conflit entre la règle 62 et le jeton MULT résolu par réduction (%left MULT).
    Conflit entre la règle 62 et le jeton SUPS résolu par décalage (MULT < SUPS).
    Conflit entre la règle 62 et le jeton SUPE résolu par décalage (MULT < SUPE).


État 101

   54 expression: expression . expressionBis
   60 expressionBis: . ADD expression
   61              | . MOINS expression
   62              | . MULT expression
   63              | . EQ expression
   64              | . INFS expression
   65              | . INFE expression
   66              | . SUPE expression
   67              | . SUPS expression
   67              | SUPS expression .  [EQ, INFS, INFE, ET, OR, SEPAR, PV, ADD, MOINS, MULT, RPAR, SUPS, SUPE]
   68              | . ET expression
   69              | . OR expression

    $défaut  réduction par utilisation de la règle 67 (expressionBis)

    expressionBis  aller à l'état 82

    Conflit entre la règle 67 et le jeton EQ résolu par réduction (EQ < SUPS).
    Conflit entre la règle 67 et le jeton INFS résolu par réduction (%left INFS).
    Conflit entre la règle 67 et le jeton INFE résolu par réduction (%left INFE).
    Conflit entre la règle 67 et le jeton ET résolu par réduction (ET < SUPS).
    Conflit entre la règle 67 et le jeton OR résolu par réduction (OR < SUPS).
    Conflit entre la règle 67 et le jeton ADD résolu par réduction (ADD < SUPS).
    Conflit entre la règle 67 et le jeton MOINS résolu par réduction (MOINS < SUPS).
    Conflit entre la règle 67 et le jeton MULT résolu par réduction (MULT < SUPS).
    Conflit entre la règle 67 et le jeton SUPS résolu par réduction (%left SUPS).
    Conflit entre la règle 67 et le jeton SUPE résolu par réduction (%left SUPE).


État 102

   54 expression: expression . expressionBis
   60 expressionBis: . ADD expression
   61              | . MOINS expression
   62              | . MULT expression
   63              | . EQ expression
   64              | . INFS expression
   65              | . INFE expression
   66              | . SUPE expression
   66              | SUPE expression .  [EQ, INFS, INFE, ET, OR, SEPAR, PV, ADD, MOINS, MULT, RPAR, SUPS, SUPE]
   67              | . SUPS expression
   68              | . ET expression
   69              | . OR expression

    $défaut  réduction par utilisation de la règle 66 (expressionBis)

    expressionBis  aller à l'état 82

    Conflit entre la règle 66 et le jeton EQ résolu par réduction (EQ < SUPE).
    Conflit entre la règle 66 et le jeton INFS résolu par réduction (%left INFS).
    Conflit entre la règle 66 et le jeton INFE résolu par réduction (%left INFE).
    Conflit entre la règle 66 et le jeton ET résolu par réduction (ET < SUPE).
    Conflit entre la règle 66 et le jeton OR résolu par réduction (OR < SUPE).
    Conflit entre la règle 66 et le jeton ADD résolu par réduction (ADD < SUPE).
    Conflit entre la règle 66 et le jeton MOINS résolu par réduction (MOINS < SUPE).
    Conflit entre la règle 66 et le jeton MULT résolu par réduction (MULT < SUPE).
    Conflit entre la règle 66 et le jeton SUPS résolu par réduction (%left SUPS).
    Conflit entre la règle 66 et le jeton SUPE résolu par réduction (%left SUPE).


État 103

   12 listArgsDef: . VOID
   13 $@2: . %empty  [TYPE]
   14 listArgsDef: . $@2 listTmpDef
   53 fonctions: TYPE ID LPAR $@14 . listArgsDef RPAR $@15 blocFunct fonctions

    VOID  décalage et aller à l'état 111

    $défaut  réduction par utilisation de la règle 13 ($@2)

    listArgsDef  aller à l'état 112
    $@2          aller à l'état 113


État 104

   26 instructions: . %empty  [ACF]
   27             | . TYPE listVars PV instructions
   29             | . ID LPAR listp RPAR PV $@5 instructions
   31             | . ID AFF expression PV $@6 instructions
   31             | ID AFF expression PV $@6 . instructions
   32             | . condition
   33             | . while
   34             | . retour
   35 while: . WHILE LPAR expression RPAR bloc instructions
   37 condition: . IF LPAR expression RPAR bloc $@7 instructions
   40          | . IF LPAR expression RPAR bloc $@8 ELSE bloc $@9 instructions
   45 retour: . RETURN expression PV instructions

    ID      décalage et aller à l'état 38
    TYPE    décalage et aller à l'état 39
    IF      décalage et aller à l'état 40
    WHILE   décalage et aller à l'état 41
    RETURN  décalage et aller à l'état 42

    $défaut  réduction par utilisation de la règle 26 (instructions)

    instructions  aller à l'état 114
    while         aller à l'état 44
    condition     aller à l'état 45
    retour        aller à l'état 46


État 105

   28 $@5: . %empty
   29 instructions: ID LPAR listp RPAR PV . $@5 instructions

    $défaut  réduction par utilisation de la règle 28 ($@5)

    $@5  aller à l'état 115


État 106

    2 list: . expression $@1 listBis
    4 listBis: SEPAR . list
   54 expression: . expression expressionBis
   55           | . ENT
   56           | . ID
   57           | . ID LPAR listp RPAR
   58           | . LPAR expression RPAR
   59           | . '!' expression

    ENT   décalage et aller à l'état 54
    ID    décalage et aller à l'état 55
    LPAR  décalage et aller à l'état 56
    '!'   décalage et aller à l'état 57

    list        aller à l'état 116
    expression  aller à l'état 64


État 107

    2 list: expression $@1 listBis .

    $défaut  réduction par utilisation de la règle 2 (list)


État 108

   36 $@7: . %empty  [ID, TYPE, IF, WHILE, ACF, RETURN]
   37 condition: IF LPAR expression RPAR bloc . $@7 instructions
   38 $@8: . %empty  [ELSE]
   40 condition: IF LPAR expression RPAR bloc . $@8 ELSE bloc $@9 instructions

    ELSE      réduction par utilisation de la règle 38 ($@8)
    $défaut  réduction par utilisation de la règle 36 ($@7)

    $@7  aller à l'état 117
    $@8  aller à l'état 118


État 109

   26 instructions: . %empty  [ACF]
   27             | . TYPE listVars PV instructions
   29             | . ID LPAR listp RPAR PV $@5 instructions
   31             | . ID AFF expression PV $@6 instructions
   32             | . condition
   33             | . while
   34             | . retour
   35 while: . WHILE LPAR expression RPAR bloc instructions
   35      | WHILE LPAR expression RPAR bloc . instructions
   37 condition: . IF LPAR expression RPAR bloc $@7 instructions
   40          | . IF LPAR expression RPAR bloc $@8 ELSE bloc $@9 instructions
   45 retour: . RETURN expression PV instructions

    ID      décalage et aller à l'état 38
    TYPE    décalage et aller à l'état 39
    IF      décalage et aller à l'état 40
    WHILE   décalage et aller à l'état 41
    RETURN  décalage et aller à l'état 42

    $défaut  réduction par utilisation de la règle 26 (instructions)

    instructions  aller à l'état 119
    while         aller à l'état 44
    condition     aller à l'état 45
    retour        aller à l'état 46


État 110

   57 expression: ID LPAR listp RPAR .

    $défaut  réduction par utilisation de la règle 57 (expression)


État 111

   12 listArgsDef: VOID .

    $défaut  réduction par utilisation de la règle 12 (listArgsDef)


État 112

   53 fonctions: TYPE ID LPAR $@14 listArgsDef . RPAR $@15 blocFunct fonctions

    RPAR  décalage et aller à l'état 120


État 113

   14 listArgsDef: $@2 . listTmpDef
   15 listTmpDef: . TYPE ID
   17           | . TYPE ID $@3 SEPAR listTmpDef

    TYPE  décalage et aller à l'état 121

    listTmpDef  aller à l'état 122


État 114

   31 instructions: ID AFF expression PV $@6 instructions .

    $défaut  réduction par utilisation de la règle 31 (instructions)


État 115

   26 instructions: . %empty  [ACF]
   27             | . TYPE listVars PV instructions
   29             | . ID LPAR listp RPAR PV $@5 instructions
   29             | ID LPAR listp RPAR PV $@5 . instructions
   31             | . ID AFF expression PV $@6 instructions
   32             | . condition
   33             | . while
   34             | . retour
   35 while: . WHILE LPAR expression RPAR bloc instructions
   37 condition: . IF LPAR expression RPAR bloc $@7 instructions
   40          | . IF LPAR expression RPAR bloc $@8 ELSE bloc $@9 instructions
   45 retour: . RETURN expression PV instructions

    ID      décalage et aller à l'état 38
    TYPE    décalage et aller à l'état 39
    IF      décalage et aller à l'état 40
    WHILE   décalage et aller à l'état 41
    RETURN  décalage et aller à l'état 42

    $défaut  réduction par utilisation de la règle 26 (instructions)

    instructions  aller à l'état 123
    while         aller à l'état 44
    condition     aller à l'état 45
    retour        aller à l'état 46


État 116

    4 listBis: SEPAR list .

    $défaut  réduction par utilisation de la règle 4 (listBis)


État 117

   26 instructions: . %empty  [ACF]
   27             | . TYPE listVars PV instructions
   29             | . ID LPAR listp RPAR PV $@5 instructions
   31             | . ID AFF expression PV $@6 instructions
   32             | . condition
   33             | . while
   34             | . retour
   35 while: . WHILE LPAR expression RPAR bloc instructions
   37 condition: . IF LPAR expression RPAR bloc $@7 instructions
   37          | IF LPAR expression RPAR bloc $@7 . instructions
   40          | . IF LPAR expression RPAR bloc $@8 ELSE bloc $@9 instructions
   45 retour: . RETURN expression PV instructions

    ID      décalage et aller à l'état 38
    TYPE    décalage et aller à l'état 39
    IF      décalage et aller à l'état 40
    WHILE   décalage et aller à l'état 41
    RETURN  décalage et aller à l'état 42

    $défaut  réduction par utilisation de la règle 26 (instructions)

    instructions  aller à l'état 124
    while         aller à l'état 44
    condition     aller à l'état 45
    retour        aller à l'état 46


État 118

   40 condition: IF LPAR expression RPAR bloc $@8 . ELSE bloc $@9 instructions

    ELSE  décalage et aller à l'état 125


État 119

   35 while: WHILE LPAR expression RPAR bloc instructions .

    $défaut  réduction par utilisation de la règle 35 (while)


État 120

   52 $@15: . %empty
   53 fonctions: TYPE ID LPAR $@14 listArgsDef RPAR . $@15 blocFunct fonctions

    $défaut  réduction par utilisation de la règle 52 ($@15)

    $@15  aller à l'état 126


État 121

   15 listTmpDef: TYPE . ID
   17           | TYPE . ID $@3 SEPAR listTmpDef

    ID  décalage et aller à l'état 127


État 122

   14 listArgsDef: $@2 listTmpDef .

    $défaut  réduction par utilisation de la règle 14 (listArgsDef)


État 123

   29 instructions: ID LPAR listp RPAR PV $@5 instructions .

    $défaut  réduction par utilisation de la règle 29 (instructions)


État 124

   37 condition: IF LPAR expression RPAR bloc $@7 instructions .

    $défaut  réduction par utilisation de la règle 37 (condition)


État 125

   40 condition: IF LPAR expression RPAR bloc $@8 ELSE . bloc $@9 instructions
   42 bloc: . ACO $@10 instructions ACF

    ACO  décalage et aller à l'état 33

    bloc  aller à l'état 128


État 126

   44 blocFunct: . ACO $@11 instructions ACF
   53 fonctions: TYPE ID LPAR $@14 listArgsDef RPAR $@15 . blocFunct fonctions

    ACO  décalage et aller à l'état 129

    blocFunct  aller à l'état 130


État 127

   15 listTmpDef: TYPE ID .  [RPAR]
   16 $@3: . %empty  [SEPAR]
   17 listTmpDef: TYPE ID . $@3 SEPAR listTmpDef

    SEPAR     réduction par utilisation de la règle 16 ($@3)
    $défaut  réduction par utilisation de la règle 15 (listTmpDef)

    $@3  aller à l'état 131


État 128

   39 $@9: . %empty
   40 condition: IF LPAR expression RPAR bloc $@8 ELSE bloc . $@9 instructions

    $défaut  réduction par utilisation de la règle 39 ($@9)

    $@9  aller à l'état 132


État 129

   43 $@11: . %empty
   44 blocFunct: ACO . $@11 instructions ACF

    $défaut  réduction par utilisation de la règle 43 ($@11)

    $@11  aller à l'état 133


État 130

   50 fonctions: . %empty  [$end]
   53          | . TYPE ID LPAR $@14 listArgsDef RPAR $@15 blocFunct fonctions
   53          | TYPE ID LPAR $@14 listArgsDef RPAR $@15 blocFunct . fonctions

    TYPE  décalage et aller à l'état 47

    $défaut  réduction par utilisation de la règle 50 (fonctions)

    fonctions  aller à l'état 134


État 131

   17 listTmpDef: TYPE ID $@3 . SEPAR listTmpDef

    SEPAR  décalage et aller à l'état 135


État 132

   26 instructions: . %empty  [ACF]
   27             | . TYPE listVars PV instructions
   29             | . ID LPAR listp RPAR PV $@5 instructions
   31             | . ID AFF expression PV $@6 instructions
   32             | . condition
   33             | . while
   34             | . retour
   35 while: . WHILE LPAR expression RPAR bloc instructions
   37 condition: . IF LPAR expression RPAR bloc $@7 instructions
   40          | . IF LPAR expression RPAR bloc $@8 ELSE bloc $@9 instructions
   40          | IF LPAR expression RPAR bloc $@8 ELSE bloc $@9 . instructions
   45 retour: . RETURN expression PV instructions

    ID      décalage et aller à l'état 38
    TYPE    décalage et aller à l'état 39
    IF      décalage et aller à l'état 40
    WHILE   décalage et aller à l'état 41
    RETURN  décalage et aller à l'état 42

    $défaut  réduction par utilisation de la règle 26 (instructions)

    instructions  aller à l'état 136
    while         aller à l'état 44
    condition     aller à l'état 45
    retour        aller à l'état 46


État 133

   26 instructions: . %empty  [ACF]
   27             | . TYPE listVars PV instructions
   29             | . ID LPAR listp RPAR PV $@5 instructions
   31             | . ID AFF expression PV $@6 instructions
   32             | . condition
   33             | . while
   34             | . retour
   35 while: . WHILE LPAR expression RPAR bloc instructions
   37 condition: . IF LPAR expression RPAR bloc $@7 instructions
   40          | . IF LPAR expression RPAR bloc $@8 ELSE bloc $@9 instructions
   44 blocFunct: ACO $@11 . instructions ACF
   45 retour: . RETURN expression PV instructions

    ID      décalage et aller à l'état 38
    TYPE    décalage et aller à l'état 39
    IF      décalage et aller à l'état 40
    WHILE   décalage et aller à l'état 41
    RETURN  décalage et aller à l'état 42

    $défaut  réduction par utilisation de la règle 26 (instructions)

    instructions  aller à l'état 137
    while         aller à l'état 44
    condition     aller à l'état 45
    retour        aller à l'état 46


État 134

   53 fonctions: TYPE ID LPAR $@14 listArgsDef RPAR $@15 blocFunct fonctions .

    $défaut  réduction par utilisation de la règle 53 (fonctions)


État 135

   15 listTmpDef: . TYPE ID
   17           | . TYPE ID $@3 SEPAR listTmpDef
   17           | TYPE ID $@3 SEPAR . listTmpDef

    TYPE  décalage et aller à l'état 121

    listTmpDef  aller à l'état 138


État 136

   40 condition: IF LPAR expression RPAR bloc $@8 ELSE bloc $@9 instructions .

    $défaut  réduction par utilisation de la règle 40 (condition)


État 137

   44 blocFunct: ACO $@11 instructions . ACF

    ACF  décalage et aller à l'état 139


État 138

   17 listTmpDef: TYPE ID $@3 SEPAR listTmpDef .

    $défaut  réduction par utilisation de la règle 17 (listTmpDef)


État 139

   44 blocFunct: ACO $@11 instructions ACF .

    $défaut  réduction par utilisation de la règle 44 (blocFunct)
